  irq.c
  In file included from ..\..\arch\lkl\kernel\irq.c:1:
E:\lkl-hacking\linux\tools\lkl\..\..\include\linux/kernel.h(86,9): warning : '__deprecated' macro redefined [-Wmacro-redefined]
  #define __deprecated    __attribute__((deprecated))
          ^
  E:\lkl-hacking\linux\tools\lkl\..\..\include\linux/compiler.h(350,9) :  note: previous definition is here
  #define __deprecated
          ^
  In file included from ..\..\arch\lkl\kernel\irq.c:1:
E:\lkl-hacking\linux\tools\lkl\..\..\include\linux/kernel.h(148,9): warning : '__must_check' macro redefined [-Wmacro-redefined]
  #define __must_check            __attribute__((warn_unused_result))
          ^
  E:\lkl-hacking\linux\tools\lkl\..\..\include\linux/compiler.h(345,9) :  note: previous definition is here
  #define __must_check
          ^
  In file included from ..\..\arch\lkl\kernel\irq.c:1:
E:\lkl-hacking\linux\tools\lkl\..\..\include\linux/kernel.h(267,9): warning : 'uninitialized_var' macro redefined [-Wmacro-redefined]
  #define uninitialized_var(x) x = x
          ^
  E:\lkl-hacking\linux\tools\lkl\..\..\include\linux/compiler-clang.h(11,9) :  note: previous definition is here
  #define uninitialized_var(x) x = *(&(x))
          ^
  In file included from E:\lkl-hacking\linux\tools\lkl\..\..\include\linux/irq.h:3:
  In file included from E:\lkl-hacking\linux\tools\lkl\..\..\include\linux/irq.h:3:
  In file included from E:\lkl-hacking\linux\tools\lkl\..\..\include\linux/irq.h:3:
  In file included from E:\lkl-hacking\linux\tools\lkl\..\..\include\linux/irq.h:3:
  In file included from E:\lkl-hacking\linux\tools\lkl\..\..\include\linux/irq.h:3:
  In file included from E:\lkl-hacking\linux\tools\lkl\..\..\include\linux/irq.h:3:
  In file included from E:\lkl-hacking\linux\tools\lkl\..\..\include\linux/irq.h:3:
  In file included from E:\lkl-hacking\linux\tools\lkl\..\..\include\linux/irq.h:3:
  In file included from E:\lkl-hacking\linux\tools\lkl\..\..\include\linux/irq.h:3:
  In file included from E:\lkl-hacking\linux\tools\lkl\..\..\include\linux/irq.h:3:
  In file included from E:\lkl-hacking\linux\tools\lkl\..\..\include\linux/irq.h:3:
  In file included from E:\lkl-hacking\linux\tools\lkl\..\..\include\linux/irq.h:3:
  In file included from E:\lkl-hacking\linux\tools\lkl\..\..\include\linux/irq.h:3:
  In file included from E:\lkl-hacking\linux\tools\lkl\..\..\include\linux/irq.h:3:
  In file included from E:\lkl-hacking\linux\tools\lkl\..\..\include\linux/irq.h:3:
  In file included from E:\lkl-hacking\linux\tools\lkl\..\..\include\linux/irq.h:3:
  In file included from E:\lkl-hacking\linux\tools\lkl\..\..\include\linux/irq.h:3:
  In file included from E:\lkl-hacking\linux\tools\lkl\..\..\include\linux/irq.h:3:
  In file included from E:\lkl-hacking\linux\tools\lkl\..\..\include\linux/irq.h:3:
  In file included from E:\lkl-hacking\linux\tools\lkl\..\..\include\linux/irq.h:3:
  In file included from E:\lkl-hacking\linux\tools\lkl\..\..\include\linux/irq.h:3:
  In file included from E:\lkl-hacking\linux\tools\lkl\..\..\include\linux/irq.h:3:
  In file included from E:\lkl-hacking\linux\tools\lkl\..\..\include\linux/irq.h:3:
  In file included from E:\lkl-hacking\linux\tools\lkl\..\..\include\linux/irq.h:3:
  In file included from E:\lkl-hacking\linux\tools\lkl\..\..\include\linux/irq.h:3:
  In file included from E:\lkl-hacking\linux\tools\lkl\..\..\include\linux/irq.h:3:
  In file included from E:\lkl-hacking\linux\tools\lkl\..\..\include\linux/irq.h:3:
  In file included from E:\lkl-hacking\linux\tools\lkl\..\..\include\linux/irq.h:3:
  In file included from E:\lkl-hacking\linux\tools\lkl\..\..\include\linux/irq.h:3:
  In file included from E:\lkl-hacking\linux\tools\lkl\..\..\include\linux/irq.h:3:
  In file included from E:\lkl-hacking\linux\tools\lkl\..\..\include\linux/irq.h:3:
  In file included from E:\lkl-hacking\linux\tools\lkl\..\..\include\linux/irq.h:3:
  In file included from E:\lkl-hacking\linux\tools\lkl\..\..\include\linux/irq.h:3:
  In file included from E:\lkl-hacking\linux\tools\lkl\..\..\include\linux/irq.h:3:
  In file included from E:\lkl-hacking\linux\tools\lkl\..\..\include\linux/irq.h:3:
  In file included from E:\lkl-hacking\linux\tools\lkl\..\..\include\linux/irq.h:3:
  In file included from E:\lkl-hacking\linux\tools\lkl\..\..\include\linux/irq.h:3:
  In file included from E:\lkl-hacking\linux\tools\lkl\..\..\include\linux/irq.h:3:
  In file included from E:\lkl-hacking\linux\tools\lkl\..\..\include\linux/irq.h:3:
  In file included from E:\lkl-hacking\linux\tools\lkl\..\..\include\linux/irq.h:3:
  In file included from E:\lkl-hacking\linux\tools\lkl\..\..\include\linux/irq.h:3:
  In file included from E:\lkl-hacking\linux\tools\lkl\..\..\include\linux/irq.h:3:
  In file included from E:\lkl-hacking\linux\tools\lkl\..\..\include\linux/irq.h:3:
  In file included from E:\lkl-hacking\linux\tools\lkl\..\..\include\linux/irq.h:3:
  In file included from E:\lkl-hacking\linux\tools\lkl\..\..\include\linux/irq.h:3:
  In file included from E:\lkl-hacking\linux\tools\lkl\..\..\include\linux/irq.h:3:
  In file included from E:\lkl-hacking\linux\tools\lkl\..\..\include\linux/irq.h:3:
  In file included from E:\lkl-hacking\linux\tools\lkl\..\..\include\linux/irq.h:3:
  In file included from E:\lkl-hacking\linux\tools\lkl\..\..\include\linux/irq.h:3:
  In file included from E:\lkl-hacking\linux\tools\lkl\..\..\include\linux/irq.h:3:
  In file included from E:\lkl-hacking\linux\tools\lkl\..\..\include\linux/irq.h:3:
  In file included from E:\lkl-hacking\linux\tools\lkl\..\..\include\linux/irq.h:3:
  In file included from E:\lkl-hacking\linux\tools\lkl\..\..\include\linux/irq.h:3:
  In file included from E:\lkl-hacking\linux\tools\lkl\..\..\include\linux/irq.h:3:
  In file included from E:\lkl-hacking\linux\tools\lkl\..\..\include\linux/irq.h:3:
  In file included from E:\lkl-hacking\linux\tools\lkl\..\..\include\linux/irq.h:3:
  In file included from E:\lkl-hacking\linux\tools\lkl\..\..\include\linux/irq.h:3:
  In file included from E:\lkl-hacking\linux\tools\lkl\..\..\include\linux/irq.h:3:
  In file included from E:\lkl-hacking\linux\tools\lkl\..\..\include\linux/irq.h:3:
  In file included from E:\lkl-hacking\linux\tools\lkl\..\..\include\linux/irq.h:3:
  In file included from E:\lkl-hacking\linux\tools\lkl\..\..\include\linux/irq.h:3:
  In file included from E:\lkl-hacking\linux\tools\lkl\..\..\include\linux/irq.h:3:
  In file included from E:\lkl-hacking\linux\tools\lkl\..\..\include\linux/irq.h:3:
  In file included from E:\lkl-hacking\linux\tools\lkl\..\..\include\linux/irq.h:3:
  In file included from E:\lkl-hacking\linux\tools\lkl\..\..\include\linux/irq.h:3:
  In file included from E:\lkl-hacking\linux\tools\lkl\..\..\include\linux/irq.h:3:
  In file included from E:\lkl-hacking\linux\tools\lkl\..\..\include\linux/irq.h:3:
  In file included from E:\lkl-hacking\linux\tools\lkl\..\..\include\linux/irq.h:3:
  In file included from E:\lkl-hacking\linux\tools\lkl\..\..\include\linux/irq.h:3:
  In file included from E:\lkl-hacking\linux\tools\lkl\..\..\include\linux/irq.h:3:
  In file included from E:\lkl-hacking\linux\tools\lkl\..\..\include\linux/irq.h:3:
  In file included from E:\lkl-hacking\linux\tools\lkl\..\..\include\linux/irq.h:3:
  In file included from E:\lkl-hacking\linux\tools\lkl\..\..\include\linux/irq.h:3:
  In file included from E:\lkl-hacking\linux\tools\lkl\..\..\include\linux/irq.h:3:
  In file included from E:\lkl-hacking\linux\tools\lkl\..\..\include\linux/irq.h:3:
  In file included from E:\lkl-hacking\linux\tools\lkl\..\..\include\linux/irq.h:3:
  In file included from E:\lkl-hacking\linux\tools\lkl\..\..\include\linux/irq.h:3:
  In file included from E:\lkl-hacking\linux\tools\lkl\..\..\include\linux/irq.h:3:
  In file included from E:\lkl-hacking\linux\tools\lkl\..\..\include\linux/irq.h:3:
  In file included from E:\lkl-hacking\linux\tools\lkl\..\..\include\linux/irq.h:3:
  In file included from E:\lkl-hacking\linux\tools\lkl\..\..\include\linux/irq.h:3:
  In file included from E:\lkl-hacking\linux\tools\lkl\..\..\include\linux/irq.h:3:
  In file included from E:\lkl-hacking\linux\tools\lkl\..\..\include\linux/irq.h:3:
  In file included from E:\lkl-hacking\linux\tools\lkl\..\..\include\linux/irq.h:3:
  In file included from E:\lkl-hacking\linux\tools\lkl\..\..\include\linux/irq.h:3:
  In file included from E:\lkl-hacking\linux\tools\lkl\..\..\include\linux/irq.h:3:
  In file included from E:\lkl-hacking\linux\tools\lkl\..\..\include\linux/irq.h:3:
  In file included from E:\lkl-hacking\linux\tools\lkl\..\..\include\linux/irq.h:3:
  In file included from E:\lkl-hacking\linux\tools\lkl\..\..\include\linux/irq.h:3:
  In file included from E:\lkl-hacking\linux\tools\lkl\..\..\include\linux/irq.h:3:
  In file included from E:\lkl-hacking\linux\tools\lkl\..\..\include\linux/irq.h:3:
  In file included from E:\lkl-hacking\linux\tools\lkl\..\..\include\linux/irq.h:3:
  In file included from E:\lkl-hacking\linux\tools\lkl\..\..\include\linux/irq.h:3:
  In file included from E:\lkl-hacking\linux\tools\lkl\..\..\include\linux/irq.h:3:
  In file included from E:\lkl-hacking\linux\tools\lkl\..\..\include\linux/irq.h:3:
  In file included from E:\lkl-hacking\linux\tools\lkl\..\..\include\linux/irq.h:3:
  In file included from E:\lkl-hacking\linux\tools\lkl\..\..\include\linux/irq.h:3:
  In file included from E:\lkl-hacking\linux\tools\lkl\..\..\include\linux/irq.h:3:
  In file included from E:\lkl-hacking\linux\tools\lkl\..\..\include\linux/irq.h:3:
  In file included from E:\lkl-hacking\linux\tools\lkl\..\..\include\linux/irq.h:3:
  In file included from E:\lkl-hacking\linux\tools\lkl\..\..\include\linux/irq.h:3:
  In file included from E:\lkl-hacking\linux\tools\lkl\..\..\include\linux/irq.h:3:
  In file included from E:\lkl-hacking\linux\tools\lkl\..\..\include\linux/irq.h:3:
  In file included from E:\lkl-hacking\linux\tools\lkl\..\..\include\linux/irq.h:3:
  In file included from E:\lkl-hacking\linux\tools\lkl\..\..\include\linux/irq.h:3:
  In file included from E:\lkl-hacking\linux\tools\lkl\..\..\include\linux/irq.h:3:
  In file included from E:\lkl-hacking\linux\tools\lkl\..\..\include\linux/irq.h:3:
  In file included from E:\lkl-hacking\linux\tools\lkl\..\..\include\linux/irq.h:3:
  In file included from E:\lkl-hacking\linux\tools\lkl\..\..\include\linux/irq.h:3:
  In file included from E:\lkl-hacking\linux\tools\lkl\..\..\include\linux/irq.h:3:
  In file included from E:\lkl-hacking\linux\tools\lkl\..\..\include\linux/irq.h:3:
  In file included from E:\lkl-hacking\linux\tools\lkl\..\..\include\linux/irq.h:3:
  In file included from E:\lkl-hacking\linux\tools\lkl\..\..\include\linux/irq.h:3:
  In file included from E:\lkl-hacking\linux\tools\lkl\..\..\include\linux/irq.h:3:
  In file included from E:\lkl-hacking\linux\tools\lkl\..\..\include\linux/irq.h:3:
  In file included from E:\lkl-hacking\linux\tools\lkl\..\..\include\linux/irq.h:3:
  In file included from E:\lkl-hacking\linux\tools\lkl\..\..\include\linux/irq.h:3:
  In file included from E:\lkl-hacking\linux\tools\lkl\..\..\include\linux/irq.h:3:
  In file included from E:\lkl-hacking\linux\tools\lkl\..\..\include\linux/irq.h:3:
  In file included from E:\lkl-hacking\linux\tools\lkl\..\..\include\linux/irq.h:3:
  In file included from E:\lkl-hacking\linux\tools\lkl\..\..\include\linux/irq.h:3:
  In file included from E:\lkl-hacking\linux\tools\lkl\..\..\include\linux/irq.h:3:
  In file included from E:\lkl-hacking\linux\tools\lkl\..\..\include\linux/irq.h:3:
  In file included from E:\lkl-hacking\linux\tools\lkl\..\..\include\linux/irq.h:3:
  In file included from E:\lkl-hacking\linux\tools\lkl\..\..\include\linux/irq.h:3:
  In file included from E:\lkl-hacking\linux\tools\lkl\..\..\include\linux/irq.h:3:
  In file included from E:\lkl-hacking\linux\tools\lkl\..\..\include\linux/irq.h:3:
  In file included from E:\lkl-hacking\linux\tools\lkl\..\..\include\linux/irq.h:3:
  In file included from E:\lkl-hacking\linux\tools\lkl\..\..\include\linux/irq.h:3:
  In file included from E:\lkl-hacking\linux\tools\lkl\..\..\include\linux/irq.h:3:
  In file included from E:\lkl-hacking\linux\tools\lkl\..\..\include\linux/irq.h:3:
  In file included from E:\lkl-hacking\linux\tools\lkl\..\..\include\linux/irq.h:3:
  In file included from E:\lkl-hacking\linux\tools\lkl\..\..\include\linux/irq.h:3:
  In file included from E:\lkl-hacking\linux\tools\lkl\..\..\include\linux/irq.h:3:
  In file included from E:\lkl-hacking\linux\tools\lkl\..\..\include\linux/irq.h:3:
  In file included from E:\lkl-hacking\linux\tools\lkl\..\..\include\linux/irq.h:3:
  In file included from E:\lkl-hacking\linux\tools\lkl\..\..\include\linux/irq.h:3:
  In file included from E:\lkl-hacking\linux\tools\lkl\..\..\include\linux/irq.h:3:
  In file included from E:\lkl-hacking\linux\tools\lkl\..\..\include\linux/irq.h:3:
  In file included from E:\lkl-hacking\linux\tools\lkl\..\..\include\linux/irq.h:3:
  In file included from E:\lkl-hacking\linux\tools\lkl\..\..\include\linux/irq.h:3:
  In file included from E:\lkl-hacking\linux\tools\lkl\..\..\include\linux/irq.h:3:
  In file included from E:\lkl-hacking\linux\tools\lkl\..\..\include\linux/irq.h:3:
  In file included from E:\lkl-hacking\linux\tools\lkl\..\..\include\linux/irq.h:3:
  In file included from E:\lkl-hacking\linux\tools\lkl\..\..\include\linux/irq.h:3:
  In file included from E:\lkl-hacking\linux\tools\lkl\..\..\include\linux/irq.h:3:
  In file included from E:\lkl-hacking\linux\tools\lkl\..\..\include\linux/irq.h:3:
  In file included from E:\lkl-hacking\linux\tools\lkl\..\..\include\linux/irq.h:3:
  In file included from E:\lkl-hacking\linux\tools\lkl\..\..\include\linux/irq.h:3:
  In file included from E:\lkl-hacking\linux\tools\lkl\..\..\include\linux/irq.h:3:
  In file included from E:\lkl-hacking\linux\tools\lkl\..\..\include\linux/irq.h:3:
  In file included from E:\lkl-hacking\linux\tools\lkl\..\..\include\linux/irq.h:3:
  In file included from E:\lkl-hacking\linux\tools\lkl\..\..\include\linux/irq.h:3:
  In file included from E:\lkl-hacking\linux\tools\lkl\..\..\include\linux/irq.h:3:
  In file included from E:\lkl-hacking\linux\tools\lkl\..\..\include\linux/irq.h:3:
  In file included from E:\lkl-hacking\linux\tools\lkl\..\..\include\linux/irq.h:3:
  In file included from E:\lkl-hacking\linux\tools\lkl\..\..\include\linux/irq.h:3:
  In file included from E:\lkl-hacking\linux\tools\lkl\..\..\include\linux/irq.h:3:
  In file included from E:\lkl-hacking\linux\tools\lkl\..\..\include\linux/irq.h:3:
  In file included from E:\lkl-hacking\linux\tools\lkl\..\..\include\linux/irq.h:3:
  In file included from E:\lkl-hacking\linux\tools\lkl\..\..\include\linux/irq.h:3:
  In file included from E:\lkl-hacking\linux\tools\lkl\..\..\include\linux/irq.h:3:
  In file included from E:\lkl-hacking\linux\tools\lkl\..\..\include\linux/irq.h:3:
  In file included from E:\lkl-hacking\linux\tools\lkl\..\..\include\linux/irq.h:3:
  In file included from E:\lkl-hacking\linux\tools\lkl\..\..\include\linux/irq.h:3:
  In file included from E:\lkl-hacking\linux\tools\lkl\..\..\include\linux/irq.h:3:
  In file included from E:\lkl-hacking\linux\tools\lkl\..\..\include\linux/irq.h:3:
  In file included from E:\lkl-hacking\linux\tools\lkl\..\..\include\linux/irq.h:3:
  In file included from E:\lkl-hacking\linux\tools\lkl\..\..\include\linux/irq.h:3:
  In file included from E:\lkl-hacking\linux\tools\lkl\..\..\include\linux/irq.h:3:
  In file included from E:\lkl-hacking\linux\tools\lkl\..\..\include\linux/irq.h:3:
  In file included from E:\lkl-hacking\linux\tools\lkl\..\..\include\linux/irq.h:3:
  In file included from E:\lkl-hacking\linux\tools\lkl\..\..\include\linux/irq.h:3:
  In file included from E:\lkl-hacking\linux\tools\lkl\..\..\include\linux/irq.h:3:
  In file included from E:\lkl-hacking\linux\tools\lkl\..\..\include\linux/irq.h:3:
  In file included from E:\lkl-hacking\linux\tools\lkl\..\..\include\linux/irq.h:3:
  In file included from E:\lkl-hacking\linux\tools\lkl\..\..\include\linux/irq.h:3:
  In file included from E:\lkl-hacking\linux\tools\lkl\..\..\include\linux/irq.h:3:
  In file included from E:\lkl-hacking\linux\tools\lkl\..\..\include\linux/irq.h:3:
  In file included from E:\lkl-hacking\linux\tools\lkl\..\..\include\linux/irq.h:3:
  In file included from E:\lkl-hacking\linux\tools\lkl\..\..\include\linux/irq.h:3:
  In file included from E:\lkl-hacking\linux\tools\lkl\..\..\include\linux/irq.h:3:
  In file included from E:\lkl-hacking\linux\tools\lkl\..\..\include\linux/irq.h:3:
  In file included from E:\lkl-hacking\linux\tools\lkl\..\..\include\linux/irq.h:3:
  In file included from E:\lkl-hacking\linux\tools\lkl\..\..\include\linux/irq.h:3:
  In file included from E:\lkl-hacking\linux\tools\lkl\..\..\include\linux/irq.h:3:
  In file included from E:\lkl-hacking\linux\tools\lkl\..\..\include\linux/irq.h:3:
  In file included from E:\lkl-hacking\linux\tools\lkl\..\..\include\linux/irq.h:3:
  In file included from E:\lkl-hacking\linux\tools\lkl\..\..\include\linux/irq.h:3:
  In file included from E:\lkl-hacking\linux\tools\lkl\..\..\include\linux/irq.h:3:
  In file included from E:\lkl-hacking\linux\tools\lkl\..\..\include\linux/irq.h:3:
  In file included from E:\lkl-hacking\linux\tools\lkl\..\..\include\linux/irq.h:3:
  In file included from E:\lkl-hacking\linux\tools\lkl\..\..\include\linux/irq.h:3:
  In file included from E:\lkl-hacking\linux\tools\lkl\..\..\include\linux/irq.h:3:
  In file included from E:\lkl-hacking\linux\tools\lkl\..\..\include\linux/irq.h:3:
  In file included from E:\lkl-hacking\linux\tools\lkl\..\..\include\linux/irq.h:3:
  In file included from E:\lkl-hacking\linux\tools\lkl\..\..\include\linux/irq.h:3:
  In file included from E:\lkl-hacking\linux\tools\lkl\..\..\include\linux/irq.h:3:
  In file included from E:\lkl-hacking\linux\tools\lkl\..\..\include\linux/irq.h:3:
E:\lkl-hacking\linux\tools\lkl\..\..\include\linux/irq.h(1,10): error : #include nested too deeply
  #include <linux/kernel.h>
           ^
E:\lkl-hacking\linux\tools\lkl\..\..\include\linux/irq.h(2,10): error : #include nested too deeply
  #include <linux/init.h>
           ^
E:\lkl-hacking\linux\tools\lkl\..\..\include\linux/irq.h(3,10): error : #include nested too deeply
  #include <linux/irq.h>
           ^
E:\lkl-hacking\linux\tools\lkl\..\..\include\linux/irq.h(4,10): error : #include nested too deeply
  #include <linux/hardirq.h>
           ^
E:\lkl-hacking\linux\tools\lkl\..\..\include\linux/irq.h(5,10): error : #include nested too deeply
  #include <asm/irq_regs.h>
           ^
E:\lkl-hacking\linux\tools\lkl\..\..\include\linux/irq.h(6,10): error : #include nested too deeply
  #include <linux/sched.h>
           ^
E:\lkl-hacking\linux\tools\lkl\..\..\include\linux/irq.h(7,10): error : #include nested too deeply
  #include <linux/seq_file.h>
           ^
E:\lkl-hacking\linux\tools\lkl\..\..\include\linux/irq.h(8,10): error : #include nested too deeply
  #include <linux/tick.h>
           ^
E:\lkl-hacking\linux\tools\lkl\..\..\include\linux/irq.h(9,10): error : #include nested too deeply
  #include <asm/irqflags.h>
           ^
E:\lkl-hacking\linux\tools\lkl\..\..\include\linux/irq.h(10,10): error : #include nested too deeply
  #include <asm/host_ops.h>
           ^
E:\lkl-hacking\linux\tools\lkl\..\..\include\linux/irq.h(16,21): error : array has incomplete element type 'struct pt_regs'
          struct pt_regs regs[MAX_IRQS];
                             ^
  E:\lkl-hacking\linux\tools\lkl\..\..\include\linux/irq.h(16,9) :  note: forward declaration of 'struct pt_regs'
          struct pt_regs regs[MAX_IRQS];
                 ^
E:\lkl-hacking\linux\tools\lkl\..\..\include\linux/irq.h(19,8): error : use of undeclared identifier 'NR_IRQS'
  } irqs[NR_IRQS];
         ^
E:\lkl-hacking\linux\tools\lkl\..\..\include\linux/irq.h(24,29): warning : implicit declaration of function 'set_irq_regs' [-Wimplicit-function-declaration]
          struct pt_regs *old_regs = set_irq_regs(regs);
                                     ^
E:\lkl-hacking\linux\tools\lkl\..\..\include\linux/irq.h(24,18): warning : incompatible integer to pointer conversion initializing 'struct pt_regs *' with an expression of type 'int' [-Wint-conversion]
          struct pt_regs *old_regs = set_irq_regs(regs);
                          ^          ~~~~~~~~~~~~~~~~~~
E:\lkl-hacking\linux\tools\lkl\..\..\include\linux/irq.h(26,2): warning : implicit declaration of function 'irq_enter' [-Wimplicit-function-declaration]
          irq_enter();
          ^
E:\lkl-hacking\linux\tools\lkl\..\..\include\linux/irq.h(27,2): warning : implicit declaration of function 'generic_handle_irq' [-Wimplicit-function-declaration]
          generic_handle_irq(irq);
          ^
E:\lkl-hacking\linux\tools\lkl\..\..\include\linux/irq.h(28,2): warning : implicit declaration of function 'irq_exit' [-Wimplicit-function-declaration]
          irq_exit();
          ^
E:\lkl-hacking\linux\tools\lkl\..\..\include\linux/irq.h(35,17): error : variable has incomplete type 'struct pt_regs'
          struct pt_regs regs = {
                         ^
  E:\lkl-hacking\linux\tools\lkl\..\..\include\linux/irq.h(16,9) :  note: forward declaration of 'struct pt_regs'
          struct pt_regs regs[MAX_IRQS];
                 ^
E:\lkl-hacking\linux\tools\lkl\..\..\include\linux/irq.h(40,13): error : use of undeclared identifier 'NR_IRQS'; did you mean 'do_IRQ'?
          if (irq >= NR_IRQS)
                     ^~~~~~~
                     do_IRQ
  E:\lkl-hacking\linux\tools\lkl\..\..\include\linux/irq.h(22,13) :  note: 'do_IRQ' declared here
  static void do_IRQ(int irq, struct pt_regs *regs)
              ^
E:\lkl-hacking\linux\tools\lkl\..\..\include\linux/irq.h(40,10): warning : ordered comparison between pointer and integer ('int' and 'void (*)(int, struct pt_regs *)')
          if (irq >= NR_IRQS)
              ~~~ ^  ~~~~~~~
E:\lkl-hacking\linux\tools\lkl\..\..\include\linux/irq.h(43,2): error : use of undeclared identifier 'lkl_ops'
          lkl_ops->sem_down(irqs_lock);
          ^
E:\lkl-hacking\linux\tools\lkl\..\..\include\linux/irq.h(48,10): error : use of undeclared identifier 'EOVERFLOW'
                  ret = -EOVERFLOW;
                         ^
E:\lkl-hacking\linux\tools\lkl\..\..\include\linux/irq.h(50,2): error : use of undeclared identifier 'lkl_ops'
          lkl_ops->sem_up(irqs_lock);
          ^
E:\lkl-hacking\linux\tools\lkl\..\..\include\linux/irq.h(52,2): warning : implicit declaration of function 'wakeup_cpu' [-Wimplicit-function-declaration]
          wakeup_cpu();
          ^
E:\lkl-hacking\linux\tools\lkl\..\..\include\linux/irq.h(61,2): error : use of undeclared identifier 'lkl_ops'
          lkl_ops->sem_down(irqs_lock);
          ^
E:\lkl-hacking\linux\tools\lkl\..\..\include\linux/irq.h(62,18): error : use of undeclared identifier 'NR_IRQS'; did you mean 'do_IRQ'?
          for (i = 0; i < NR_IRQS; i++) {
                          ^~~~~~~
                          do_IRQ
  E:\lkl-hacking\linux\tools\lkl\..\..\include\linux/irq.h(22,13) :  note: 'do_IRQ' declared here
  static void do_IRQ(int irq, struct pt_regs *regs)
              ^
E:\lkl-hacking\linux\tools\lkl\..\..\include\linux/irq.h(62,16): warning : ordered comparison between pointer and integer ('int' and 'void (*)(int, struct pt_regs *)')
          for (i = 0; i < NR_IRQS; i++) {
                      ~ ^ ~~~~~~~
CLANGCOMPILE : fatal error : too many errors emitted, stopping now [-ferror-limit=]
  11 warnings and 20 errors generated.
